============================= test session starts ==============================
platform linux -- Python 3.12.3, pytest-9.0.3, pluggy-1.6.0 -- /home/pedro/Documentos/Antigravity/backend/venv/bin/python3
cachedir: .pytest_cache
rootdir: /home/pedro/Documentos/Antigravity/backend
configfile: pytest.ini
plugins: asyncio-1.3.0, cov-7.1.0, anyio-4.13.0
asyncio: mode=Mode.AUTO, debug=False, asyncio_default_fixture_loop_scope=session, asyncio_default_test_loop_scope=function
collecting ... collected 1 item

tests/api/test_coverage_boost.py::test_create_and_list_deliveries FAILED [100%]

=================================== FAILURES ===================================
_______________________ test_create_and_list_deliveries ________________________
tests/api/test_coverage_boost.py:130: in test_create_and_list_deliveries
    assert create_resp.status_code == 201
E   assert 401 == 201
E    +  where 401 = <Response [401 Unauthorized]>.status_code
=============================== warnings summary ===============================
tests/api/test_coverage_boost.py::test_create_and_list_deliveries
tests/api/test_coverage_boost.py::test_create_and_list_deliveries
  /home/pedro/Documentos/Antigravity/backend/app/core/security.py:17: DeprecationWarning: datetime.datetime.utcnow() is deprecated and scheduled for removal in a future version. Use timezone-aware objects to represent datetimes in UTC: datetime.datetime.now(datetime.UTC).
    expire = datetime.utcnow() + timedelta(minutes=60*24*8) # 8 days

venv/lib/python3.12/site-packages/_pytest/cacheprovider.py:475
  /home/pedro/Documentos/Antigravity/backend/venv/lib/python3.12/site-packages/_pytest/cacheprovider.py:475: PytestCacheWarning: cache could not write path /home/pedro/Documentos/Antigravity/backend/.pytest_cache/v/cache/nodeids: [Errno 13] Permission denied: '/home/pedro/Documentos/Antigravity/backend/.pytest_cache/v/cache/nodeids'
    config.cache.set("cache/nodeids", sorted(self.cached_nodeids))

venv/lib/python3.12/site-packages/_pytest/cacheprovider.py:429
  /home/pedro/Documentos/Antigravity/backend/venv/lib/python3.12/site-packages/_pytest/cacheprovider.py:429: PytestCacheWarning: cache could not write path /home/pedro/Documentos/Antigravity/backend/.pytest_cache/v/cache/lastfailed: [Errno 13] Permission denied: '/home/pedro/Documentos/Antigravity/backend/.pytest_cache/v/cache/lastfailed'
    config.cache.set("cache/lastfailed", self.lastfailed)

-- Docs: https://docs.pytest.org/en/stable/how-to/capture-warnings.html
================================ tests coverage ================================
_______________ coverage: platform linux, python 3.12.3-final-0 ________________

Name                                               Stmts   Miss  Cover   Missing
--------------------------------------------------------------------------------
app/api/auth.py                                       24      0   100%
app/api/deliveries.py                                 19      6    68%   18-20, 28-30
app/api/deps.py                                       23      4    83%   20, 22-23, 28
app/api/places.py                                     37      8    78%   34-37, 52-55
app/core/config.py                                     8      0   100%
app/core/security.py                                  16      1    94%   15
app/db/base_class.py                                   9      0   100%
app/db/session.py                                      7      2    71%   15-16
app/domain/entities/delivery.py                       21      0   100%
app/domain/entities/place.py                          14      0   100%
app/domain/entities/user.py                           14      0   100%
app/domain/repositories/delivery_repo.py               3      0   100%
app/domain/repositories/place_repo.py                  3      0   100%
app/domain/repositories/user_repo.py                   3      0   100%
app/domain/value_objects/coordinates.py                5      0   100%
app/infrastructure/orm/delivery.py                    25      0   100%
app/infrastructure/orm/place.py                       18      0   100%
app/infrastructure/orm/user.py                        16      0   100%
app/infrastructure/repositories/delivery_repo.py      20     10    50%   9, 12-25, 28-30, 33
app/infrastructure/repositories/place_repo.py         33      6    82%   25-27, 43-45
app/infrastructure/repositories/user_repo.py          21      0   100%
app/main.py                                           19      2    89%   34, 41
app/schemas/delivery.py                               17      0   100%
app/schemas/place.py                                  21      0   100%
app/schemas/user.py                                   14      0   100%
app/use_cases/auth_use_cases.py                       23      2    91%   13, 30
app/use_cases/deliveries_use_cases.py                 15      5    67%   9, 12-17, 21, 24
app/use_cases/places_use_cases.py                     27      4    85%   17, 20, 32, 35
--------------------------------------------------------------------------------
TOTAL                                                475     50    89%
=========================== short test summary info ============================
FAILED tests/api/test_coverage_boost.py::test_create_and_list_deliveries - as...
======================== 1 failed, 4 warnings in 6.07s =========================
